<?xml version="1.0" encoding="UTF-8"?>
<!-- Generated by org.testng.reporters.JUnitReportReporter -->
<testsuite hostname="DESKTOP-IKD2D8I" failures="0" tests="1" name="TestScript.Sample4" time="21.840" errors="0" timestamp="2024-02-12T15:23:46 IST" skipped="0">
  <testcase classname="TestScript.Sample4" name="t1" time="21.840"/>
  <system-out/>
</testsuite> <!-- TestScript.Sample4 -->
