<?xml version="1.0" encoding="UTF-8"?>
<!-- Generated by org.testng.reporters.JUnitReportReporter -->
<testsuite hostname="DESKTOP-IKD2D8I" failures="0" tests="1" name="TestScript.Sample2" time="0.023" errors="0" timestamp="2024-02-12T11:29:46 IST" skipped="0">
  <testcase classname="TestScript.Sample2" name="t1" time="0.023"/>
  <system-out>
    <![CDATA[t1 executed]]>
  </system-out>
</testsuite> <!-- TestScript.Sample2 -->
