<?xml version="1.0" encoding="UTF-8"?>
<!-- Generated by org.testng.reporters.JUnitReportReporter -->
<testsuite hostname="DESKTOP-IKD2D8I" failures="0" tests="1" name="TestScript.Sample3" time="2.905" errors="0" timestamp="2024-02-12T15:16:17 IST" skipped="0">
  <testcase classname="TestScript.Sample3" name="t1" time="2.905"/>
  <system-out/>
</testsuite> <!-- TestScript.Sample3 -->
