<?xml version="1.0" encoding="UTF-8"?>
<!-- Generated by org.testng.reporters.JUnitReportReporter -->
<testsuite hostname="DESKTOP-IKD2D8I" failures="0" tests="1" name="TestScript.RegistrationTest" time="3.108" errors="0" timestamp="2024-02-09T15:31:18 IST" skipped="0">
  <testcase classname="TestScript.RegistrationTest" name="TestCase1" time="3.108"/>
  <system-out/>
</testsuite> <!-- TestScript.RegistrationTest -->
