<?xml version="1.0" encoding="UTF-8"?>
<!-- Generated by org.testng.reporters.JUnitReportReporter -->
<testsuite hostname="DESKTOP-IKD2D8I" failures="0" tests="1" name="TestScript.LoginTest" time="4.783" errors="0" timestamp="2024-02-12T14:49:12 IST" skipped="0">
  <testcase classname="TestScript.LoginTest" name="LoginTestCase" time="4.783"/>
  <system-out/>
</testsuite> <!-- TestScript.LoginTest -->
