<?xml version="1.0" encoding="UTF-8"?>
<!-- Generated by org.testng.reporters.JUnitReportReporter -->
<testsuite hostname="DESKTOP-IKD2D8I" failures="0" tests="1" name="TestScript.SampleTest" time="0.015" errors="0" timestamp="2024-02-09T15:04:37 IST" skipped="0">
  <testcase classname="TestScript.SampleTest" name="T1" time="0.015"/>
  <system-out>
    <![CDATA[T1 executed
abc
123.0]]>
  </system-out>
</testsuite> <!-- TestScript.SampleTest -->
