<?xml version="1.0" encoding="UTF-8"?>
<!-- Generated by org.testng.reporters.JUnitReportReporter -->
<testsuite hostname="DESKTOP-IKD2D8I" failures="0" tests="3" name="TestScript.SystemTestCases" time="23.028" errors="0" timestamp="2024-02-12T15:14:05 IST" skipped="0">
  <testcase classname="TestScript.SystemTestCases" name="LoginTestCase" time="4.642"/>
  <system-out/>
  <testcase classname="TestScript.SystemTestCases" name="digitalDownloadTestCase" time="14.490"/>
  <system-out>
    <![CDATA[clicked on digital download link
clicked on 3r album
clicked on checkout]]>
  </system-out>
  <testcase classname="TestScript.SystemTestCases" name="billing" time="3.896"/>
  <system-out>
    <![CDATA[Enter company
Enter country
Enter state
Enter add1
Enter add2
Enter zip
Enter phone number
Enter Fax]]>
  </system-out>
</testsuite> <!-- TestScript.SystemTestCases -->
